[    0.000000] Linux version 4.15.0-173-generic (buildd@lcy02-amd64-094) (gcc version 7.5.0 (Ubuntu 7.5.0-3ubuntu1~18.04)) #182-Ubuntu SMP Fri Mar 18 15:53:46 UTC 2022 (Ubuntu 4.15.0-173.182-generic 4.15.18)
[    0.000000] Command line: BOOT_IMAGE=/boot/vmlinuz-4.15.0-173-generic root=LABEL=cloudimg-rootfs ro console=tty1 console=ttyS0
[    0.000000] KERNEL supported cpus:
[    0.000000]   Intel GenuineIntel
[    0.000000]   AMD AuthenticAMD
[    0.000000]   Centaur CentaurHauls
[    0.000000] x86/fpu: x87 FPU will use FXSAVE
[    0.000000] e820: BIOS-provided physical RAM map:
[    0.000000] BIOS-e820: [mem 0x0000000000000000-0x000000000009fbff] usable
[    0.000000] BIOS-e820: [mem 0x000000000009fc00-0x000000000009ffff] reserved
[    0.000000] BIOS-e820: [mem 0x00000000000f0000-0x00000000000fffff] reserved
[    0.000000] BIOS-e820: [mem 0x0000000000100000-0x0000000063feffff] usable
[    0.000000] BIOS-e820: [mem 0x0000000063ff0000-0x0000000063ffffff] ACPI data
[    0.000000] BIOS-e820: [mem 0x00000000fec00000-0x00000000fec00fff] reserved
[    0.000000] BIOS-e820: [mem 0x00000000fee00000-0x00000000fee00fff] reserved
[    0.000000] BIOS-e820: [mem 0x00000000fffc0000-0x00000000ffffffff] reserved
[    0.000000] NX (Execute Disable) protection: active
[    0.000000] SMBIOS 2.5 present.
[    0.000000] DMI: innotek GmbH VirtualBox/VirtualBox, BIOS VirtualBox 12/01/2006
[    0.000000] Hypervisor detected: KVM
[    0.000000] e820: last_pfn = 0x63ff0 max_arch_pfn = 0x400000000
[    0.000000] MTRR: Disabled
[    0.000000] x86/PAT: MTRRs disabled, skipping PAT initialization too.
[    0.000000] CPU MTRRs all blank - virtualized system.
[    0.000000] x86/PAT: Configuration [0-7]: WB  WT  UC- UC  WB  WT  UC- UC  
[    0.000000] found SMP MP-table at [mem 0x0009fff0-0x0009ffff]
[    0.000000] Scanning 1 areas for low memory corruption
[    0.000000] RAMDISK: [mem 0x359cb000-0x36cdcfff]
[    0.000000] ACPI: Early table checksum verification disabled
[    0.000000] ACPI: RSDP 0x00000000000E0000 000024 (v02 VBOX  )
[    0.000000] ACPI: XSDT 0x0000000063FF0030 00003C (v01 VBOX   VBOXXSDT 00000001 ASL  00000061)
[    0.000000] ACPI: FACP 0x0000000063FF00F0 0000F4 (v04 VBOX   VBOXFACP 00000001 ASL  00000061)
[    0.000000] ACPI: DSDT 0x0000000063FF0470 002325 (v02 VBOX   VBOXBIOS 00000002 INTL 20190509)
[    0.000000] ACPI: FACS 0x0000000063FF0200 000040
[    0.000000] ACPI: FACS 0x0000000063FF0200 000040
[    0.000000] ACPI: APIC 0x0000000063FF0240 00005C (v02 VBOX   VBOXAPIC 00000001 ASL  00000061)
[    0.000000] ACPI: SSDT 0x0000000063FF02A0 0001CC (v01 VBOX   VBOXCPUT 00000002 INTL 20190509)
[    0.000000] ACPI: Reserving FACP table memory at [mem 0x63ff00f0-0x63ff01e3]
[    0.000000] ACPI: Reserving DSDT table memory at [mem 0x63ff0470-0x63ff2794]
[    0.000000] ACPI: Reserving FACS table memory at [mem 0x63ff0200-0x63ff023f]
[    0.000000] ACPI: Reserving FACS table memory at [mem 0x63ff0200-0x63ff023f]
[    0.000000] ACPI: Reserving APIC table memory at [mem 0x63ff0240-0x63ff029b]
[    0.000000] ACPI: Reserving SSDT table memory at [mem 0x63ff02a0-0x63ff046b]
[    0.000000] No NUMA configuration found
[    0.000000] Faking a node at [mem 0x0000000000000000-0x0000000063feffff]
[    0.000000] NODE_DATA(0) allocated [mem 0x63fc5000-0x63feffff]
[    0.000000] kvm-clock: cpu 0, msr 0:63f44001, primary cpu clock
[    0.000000] kvm-clock: Using msrs 4b564d01 and 4b564d00
[    0.000000] kvm-clock: using sched offset of 3853320185 cycles
[    0.000000] clocksource: kvm-clock: mask: 0xffffffffffffffff max_cycles: 0x1cd42e4dffb, max_idle_ns: 881590591483 ns
[    0.000000] Zone ranges:
[    0.000000]   DMA      [mem 0x0000000000001000-0x0000000000ffffff]
[    0.000000]   DMA32    [mem 0x0000000001000000-0x0000000063feffff]
[    0.000000]   Normal   empty
[    0.000000]   Device   empty
[    0.000000] Movable zone start for each node
[    0.000000] Early memory node ranges
[    0.000000]   node   0: [mem 0x0000000000001000-0x000000000009efff]
[    0.000000]   node   0: [mem 0x0000000000100000-0x0000000063feffff]
[    0.000000] Reserved but unavailable: 104 pages
[    0.000000] Initmem setup node 0 [mem 0x0000000000001000-0x0000000063feffff]
[    0.000000] ACPI: PM-Timer IO Port: 0x4008
[    0.000000] IOAPIC[0]: apic_id 2, version 32, address 0xfec00000, GSI 0-23
[    0.000000] ACPI: INT_SRC_OVR (bus 0 bus_irq 0 global_irq 2 dfl dfl)
[    0.000000] ACPI: INT_SRC_OVR (bus 0 bus_irq 9 global_irq 9 low level)
[    0.000000] Using ACPI (MADT) for SMP configuration information
[    0.000000] smpboot: Allowing 2 CPUs, 0 hotplug CPUs
[    0.000000] PM: Registered nosave memory: [mem 0x00000000-0x00000fff]
[    0.000000] PM: Registered nosave memory: [mem 0x0009f000-0x0009ffff]
[    0.000000] PM: Registered nosave memory: [mem 0x000a0000-0x000effff]
[    0.000000] PM: Registered nosave memory: [mem 0x000f0000-0x000fffff]
[    0.000000] e820: [mem 0x64000000-0xfebfffff] available for PCI devices
[    0.000000] Booting paravirtualized kernel on KVM
[    0.000000] clocksource: refined-jiffies: mask: 0xffffffff max_cycles: 0xffffffff, max_idle_ns: 7645519600211568 ns
[    0.000000] random: get_random_bytes called from start_kernel+0x99/0x500 with crng_init=0
[    0.000000] setup_percpu: NR_CPUS:8192 nr_cpumask_bits:2 nr_cpu_ids:2 nr_node_ids:1
[    0.000000] percpu: Embedded 50 pages/cpu s167936 r8192 d28672 u1048576
[    0.000000] PV qspinlock hash table entries: 256 (order: 0, 4096 bytes)
[    0.000000] Built 1 zonelists, mobility grouping on.  Total pages: 403065
[    0.000000] Policy zone: DMA32
[    0.000000] Kernel command line: BOOT_IMAGE=/boot/vmlinuz-4.15.0-173-generic root=LABEL=cloudimg-rootfs ro console=tty1 console=ttyS0
[    0.000000] Memory: 1562232K/1637944K available (12300K kernel code, 2484K rwdata, 4324K rodata, 2468K init, 2724K bss, 75712K reserved, 0K cma-reserved)
[    0.000000] SLUB: HWalign=64, Order=0-3, MinObjects=0, CPUs=2, Nodes=1
[    0.000000] Kernel/User page tables isolation: enabled
[    0.000000] ftrace: allocating 39503 entries in 155 pages
[    0.004000] Hierarchical RCU implementation.
[    0.004000] 	RCU restricting CPUs from NR_CPUS=8192 to nr_cpu_ids=2.
[    0.004000] 	Tasks RCU enabled.
[    0.004000] RCU: Adjusting geometry for rcu_fanout_leaf=16, nr_cpu_ids=2
[    0.004000] NR_IRQS: 524544, nr_irqs: 440, preallocated irqs: 16
[    0.004000] Console: colour VGA+ 80x25
[    0.004000] console [tty1] enabled
[    0.004000] console [ttyS0] enabled
[    0.004000] ACPI: Core revision 20170831
[    0.004000] ACPI: 2 ACPI AML tables successfully acquired and loaded
[    0.004000] APIC: Switch to symmetric I/O mode setup
[    0.004000] x2apic enabled
[    0.004000] Switched APIC routing to physical x2apic.
[    0.005355] ..TIMER: vector=0x30 apic1=0 pin1=2 apic2=-1 pin2=-1
[    0.008004] tsc: Detected 2659.998 MHz processor
[    0.012018] Calibrating delay loop (skipped) preset value.. 5319.99 BogoMIPS (lpj=10639992)
[    0.014370] pid_max: default: 32768 minimum: 301
[    0.016054] Security Framework initialized
[    0.017311] Yama: becoming mindful.
[    0.018399] AppArmor: AppArmor initialized
[    0.021667] Dentry cache hash table entries: 262144 (order: 9, 2097152 bytes)
[    0.025474] Inode-cache hash table entries: 131072 (order: 8, 1048576 bytes)
[    0.027578] Mount-cache hash table entries: 4096 (order: 3, 32768 bytes)
[    0.028021] Mountpoint-cache hash table entries: 4096 (order: 3, 32768 bytes)
[    0.032325] Last level iTLB entries: 4KB 512, 2MB 7, 4MB 7
[    0.033881] Last level dTLB entries: 4KB 512, 2MB 32, 4MB 32, 1GB 0
[    0.035632] Spectre V1 : Mitigation: usercopy/swapgs barriers and __user pointer sanitization
[    0.036011] Spectre V2 : Mitigation: Retpolines
[    0.037762] Spectre V2 : Spectre v2 / SpectreRSB mitigation: Filling RSB on context switch
[    0.040005] Speculative Store Bypass: Vulnerable
[    0.041419] MDS: Vulnerable: Clear CPU buffers attempted, no microcode
[    0.044224] Freeing SMP alternatives memory: 36K
[    0.157940] smpboot: CPU0: Intel(R) Core(TM) i5 CPU       M 560  @ 2.67GHz (family: 0x6, model: 0x25, stepping: 0x5)
[    0.160000] Performance Events: unsupported p6 CPU model 37 no PMU driver, software events only.
[    0.160076] Hierarchical SRCU implementation.
[    0.162051] NMI watchdog: Perf event create on CPU 0 failed with -2
[    0.164006] NMI watchdog: Perf NMI watchdog permanently disabled
[    0.165449] smp: Bringing up secondary CPUs ...
[    0.166625] x86: Booting SMP configuration:
[    0.168004] .... node  #0, CPUs:      #1
[    0.004000] kvm-clock: cpu 1, msr 0:63f44041, secondary cpu clock
[    0.172028] smp: Brought up 1 node, 2 CPUs
[    0.172965] smpboot: Max logical packages: 1
[    0.176009] smpboot: Total of 2 processors activated (10639.99 BogoMIPS)
[    0.177749] devtmpfs: initialized
[    0.177749] x86/mm: Memory block size: 128MB
[    0.180227] evm: security.selinux
[    0.181059] evm: security.SMACK64
[    0.181871] evm: security.SMACK64EXEC
[    0.182725] evm: security.SMACK64TRANSMUTE
[    0.183668] evm: security.SMACK64MMAP
[    0.184005] evm: security.apparmor
[    0.184827] evm: security.ima
[    0.185567] evm: security.capability
[    0.186744] clocksource: jiffies: mask: 0xffffffff max_cycles: 0xffffffff, max_idle_ns: 7645041785100000 ns
[    0.188024] futex hash table entries: 512 (order: 3, 32768 bytes)
[    0.192104] pinctrl core: initialized pinctrl subsystem
[    0.196210] RTC time: 11:39:23, date: 04/03/22
[    0.200266] NET: Registered protocol family 16
[    0.201685] audit: initializing netlink subsys (disabled)
[    0.203266] audit: type=2000 audit(1648985968.307:1): state=initialized audit_enabled=0 res=1
[    0.204028] cpuidle: using governor ladder
[    0.205696] cpuidle: using governor menu
[    0.208135] ACPI: bus type PCI registered
[    0.209534] acpiphp: ACPI Hot Plug PCI Controller Driver version: 0.5
[    0.212193] PCI: Using configuration type 1 for base access
[    0.217126] HugeTLB registered 2.00 MiB page size, pre-allocated 0 pages
[    0.220140] ACPI: Added _OSI(Module Device)
[    0.221477] ACPI: Added _OSI(Processor Device)
[    0.222926] ACPI: Added _OSI(3.0 _SCP Extensions)
[    0.224020] ACPI: Added _OSI(Processor Aggregator Device)
[    0.225586] ACPI: Added _OSI(Linux-Dell-Video)
[    0.226970] ACPI: Added _OSI(Linux-Lenovo-NV-HDMI-Audio)
[    0.228005] ACPI: Added _OSI(Linux-HPI-Hybrid-Graphics)
[    0.229918] ACPI: Executed 1 blocks of module-level executable AML code
[    0.237062] ACPI: Interpreter enabled
[    0.238303] ACPI: (supports S0 S5)
[    0.239408] ACPI: Using IOAPIC for interrupt routing
[    0.240382] PCI: Using host bridge windows from ACPI; if necessary, use "pci=nocrs" and report a bug
[    0.244283] ACPI: Enabled 2 GPEs in block 00 to 07
[    0.257707] ACPI: PCI Root Bridge [PCI0] (domain 0000 [bus 00-ff])
[    0.259735] acpi PNP0A03:00: _OSC: OS supports [ASPM ClockPM Segments MSI]
[    0.260726] acpi PNP0A03:00: _OSC: not requesting OS control; OS requires [ExtendedConfig ASPM ClockPM MSI]
[    0.264024] acpi PNP0A03:00: fail to add MMCONFIG information, can't access extended PCI configuration space under this bridge.
[    0.268593] PCI host bridge to bus 0000:00
[    0.270769] pci_bus 0000:00: root bus resource [io  0x0000-0x0cf7 window]
[    0.272022] pci_bus 0000:00: root bus resource [io  0x0d00-0xffff window]
[    0.276029] pci_bus 0000:00: root bus resource [mem 0x000a0000-0x000bffff window]
[    0.280015] pci_bus 0000:00: root bus resource [mem 0x64000000-0xfdffffff window]
[    0.282656] pci_bus 0000:00: root bus resource [bus 00-ff]
[    0.286307] pci 0000:00:01.1: legacy IDE quirk: reg 0x10: [io  0x01f0-0x01f7]
[    0.288017] pci 0000:00:01.1: legacy IDE quirk: reg 0x14: [io  0x03f6]
[    0.292008] pci 0000:00:01.1: legacy IDE quirk: reg 0x18: [io  0x0170-0x0177]
[    0.294020] pci 0000:00:01.1: legacy IDE quirk: reg 0x1c: [io  0x0376]
[    0.352262] pci 0000:00:07.0: quirk: [io  0x4000-0x403f] claimed by PIIX4 ACPI
[    0.355011] pci 0000:00:07.0: quirk: [io  0x4100-0x410f] claimed by PIIX4 SMB
[    0.404894] ACPI: PCI Interrupt Link [LNKA] (IRQs 5 9 10 *11)
[    0.408174] ACPI: PCI Interrupt Link [LNKB] (IRQs 5 9 *10 11)
[    0.410455] ACPI: PCI Interrupt Link [LNKC] (IRQs 5 *9 10 11)
[    0.412180] ACPI: PCI Interrupt Link [LNKD] (IRQs 5 9 10 *11)
[    0.414227] SCSI subsystem initialized
[    0.415341] pci 0000:00:02.0: vgaarb: setting as boot VGA device
[    0.415341] pci 0000:00:02.0: vgaarb: VGA device added: decodes=io+mem,owns=io+mem,locks=none
[    0.416011] pci 0000:00:02.0: vgaarb: bridge control possible
[    0.420008] vgaarb: loaded
[    0.421050] ACPI: bus type USB registered
[    0.422470] usbcore: registered new interface driver usbfs
[    0.424040] usbcore: registered new interface driver hub
[    0.425848] usbcore: registered new device driver usb
[    0.428138] EDAC MC: Ver: 3.0.0
[    0.429305] PCI: Using ACPI for IRQ routing
[    0.429675] NetLabel: Initializing
[    0.432004] NetLabel:  domain hash size = 128
[    0.433283] NetLabel:  protocols = UNLABELED CIPSOv4 CALIPSO
[    0.434911] NetLabel:  unlabeled traffic allowed by default
[    0.436143] clocksource: Switched to clocksource kvm-clock
[    0.455125] VFS: Disk quotas dquot_6.6.0
[    0.456512] VFS: Dquot-cache hash table entries: 512 (order 0, 4096 bytes)
[    0.458464] AppArmor: AppArmor Filesystem Enabled
[    0.459813] pnp: PnP ACPI init
[    0.462700] pnp: PnP ACPI: found 3 devices
[    0.477838] clocksource: acpi_pm: mask: 0xffffff max_cycles: 0xffffff, max_idle_ns: 2085701024 ns
[    0.480877] NET: Registered protocol family 2
[    0.482895] IP idents hash table entries: 32768 (order: 6, 262144 bytes)
[    0.485990] TCP established hash table entries: 16384 (order: 5, 131072 bytes)
[    0.489074] TCP bind hash table entries: 16384 (order: 6, 262144 bytes)
[    0.493024] TCP: Hash tables configured (established 16384 bind 16384)
[    0.495361] UDP hash table entries: 1024 (order: 3, 32768 bytes)
[    0.497600] UDP-Lite hash table entries: 1024 (order: 3, 32768 bytes)
[    0.500061] NET: Registered protocol family 1
[    0.501737] pci 0000:00:00.0: Limiting direct PCI/PCI transfers
[    0.503655] pci 0000:00:01.0: Activating ISA DMA hang workarounds
[    0.506478] pci 0000:00:02.0: Video device with shadowed ROM at [mem 0x000c0000-0x000dffff]
[    0.509594] Unpacking initramfs...
[    0.913474] Freeing initrd memory: 19528K
[    0.917744] clocksource: tsc: mask: 0xffffffffffffffff max_cycles: 0x2657a1d9103, max_idle_ns: 440795229008 ns
[    0.922259] platform rtc_cmos: registered platform RTC device (no PNP device found)
[    0.930826] Scanning for low memory corruption every 60 seconds
[    0.934599] Initialise system trusted keyrings
[    0.936240] Key type blacklist registered
[    0.937653] workingset: timestamp_bits=36 max_order=19 bucket_order=0
[    0.942336] zbud: loaded
[    0.944723] squashfs: version 4.0 (2009/01/31) Phillip Lougher
[    0.947951] fuse init (API version 7.26)
[    0.954451] Key type asymmetric registered
[    0.955805] Asymmetric key parser 'x509' registered
[    0.961383] Block layer SCSI generic (bsg) driver version 0.4 loaded (major 246)
[    0.964033] io scheduler noop registered
[    0.965419] io scheduler deadline registered
[    0.966832] io scheduler cfq registered (default)
[    0.969065] ACPI: AC Adapter [AC] (on-line)
[    0.970458] input: Power Button as /devices/LNXSYSTM:00/LNXPWRBN:00/input/input0
[    0.973226] ACPI: Power Button [PWRF]
[    0.974585] input: Sleep Button as /devices/LNXSYSTM:00/LNXSLPBN:00/input/input1
[    0.977246] ACPI: Sleep Button [SLPF]
[    0.980278] Serial: 8250/16550 driver, 32 ports, IRQ sharing enabled
[    0.980583] ACPI: Battery Slot [BAT0] (battery present)
[    1.005137] 00:02: ttyS0 at I/O 0x3f8 (irq = 4, base_baud = 115200) is a 16550A
[    1.008854] Linux agpgart interface v0.103
[    1.015027] loop: module loaded
[    1.017206] scsi host0: ata_piix
[    1.019191] scsi host1: ata_piix
[    1.020437] ata1: PATA max UDMA/33 cmd 0x1f0 ctl 0x3f6 bmdma 0xd000 irq 14
[    1.022317] ata2: PATA max UDMA/33 cmd 0x170 ctl 0x376 bmdma 0xd008 irq 15
[    1.024600] tun: Universal TUN/TAP device driver, 1.6
[    1.026641] PPP generic driver version 2.4.2
[    1.028261] ehci_hcd: USB 2.0 'Enhanced' Host Controller (EHCI) Driver
[    1.031554] ehci-pci: EHCI PCI platform driver
[    1.058089] ehci-platform: EHCI generic platform driver
[    1.065997] ohci_hcd: USB 1.1 'Open' Host Controller (OHCI) Driver
[    1.067995] ohci-pci: OHCI PCI platform driver
[    1.077908] ohci-platform: OHCI generic platform driver
[    1.079753] uhci_hcd: USB Universal Host Controller Interface driver
[    1.085323] i8042: PNP: PS/2 Controller [PNP0303:PS2K,PNP0f03:PS2M] at 0x60,0x64 irq 1,12
[    1.089456] serio: i8042 KBD port at 0x60,0x64 irq 1
[    1.093529] serio: i8042 AUX port at 0x60,0x64 irq 12
[    1.095391] mousedev: PS/2 mouse device common for all mice
[    1.100262] input: AT Translated Set 2 keyboard as /devices/platform/i8042/serio0/input/input2
[    1.103944] rtc_cmos rtc_cmos: rtc core: registered rtc_cmos as rtc0
[    1.106340] rtc_cmos rtc_cmos: alarms up to one day, 114 bytes nvram
[    1.108720] i2c /dev entries driver
[    1.130423] device-mapper: uevent: version 1.0.3
[    1.134136] device-mapper: ioctl: 4.37.0-ioctl (2017-09-20) initialised: dm-devel@redhat.com
[    1.142542] ledtrig-cpu: registered to indicate activity on CPUs
[    1.168828] NET: Registered protocol family 10
[    1.211793] Segment Routing with IPv6
[    1.213105] NET: Registered protocol family 17
[    1.214691] Key type dns_resolver registered
[    1.216481] mce: Using 0 MCE banks
[    1.224780] RAS: Correctable Errors collector initialized.
[    1.229388] sched_clock: Marking stable (1229333836, 0)->(1481841565, -252507729)
[    1.232649] registered taskstats version 1
[    1.234756] Loading compiled-in X.509 certificates
[    1.242439] Loaded X.509 cert 'Build time autogenerated kernel key: 70c562671a3916277fe5fdc18b24b613b7a6fbd0'
[    1.246818] Loaded X.509 cert 'Canonical Ltd. Live Patch Signing: 14df34d1a87cf37625abec039ef2bf521249b969'
[    1.251387] Loaded X.509 cert 'Canonical Ltd. Kernel Module Signing: 88f752e560a1e0737e31163a466ad7b70a850c19'
[    1.261428] blacklist: Loading compiled-in revocation X.509 certificates
[    1.265747] Loaded X.509 cert 'Canonical Ltd. Secure Boot Signing: 61482aa2830d0ab2ad5af10b7250da9033ddcef0'
[    1.277203] zswap: loaded using pool lzo/zbud
[    1.287525] Key type big_key registered
[    1.289987] Key type trusted registered
[    1.296261] Key type encrypted registered
[    1.299436] AppArmor: AppArmor sha1 policy hashing enabled
[    1.305477] ima: No TPM chip found, activating TPM-bypass! (rc=-19)
[    1.314224] ima: Allocated hash algorithm: sha1
[    1.316385] evm: HMAC attrs: 0x1
[    1.318680]   Magic number: 2:510:680
[    1.320250] rtc_cmos rtc_cmos: setting system clock to 2022-04-03 11:39:24 UTC (1648985964)
[    1.339729] BIOS EDD facility v0.16 2004-Jun-25, 0 devices found
[    1.344468] EDD information not available.
[    1.351581] Freeing unused kernel image memory: 2468K
[    1.368203] Write protecting the kernel read-only data: 20480k
[    1.374786] Freeing unused kernel image memory: 2008K
[    1.376967] Freeing unused kernel image memory: 1820K
[    1.392569] x86/mm: Checked W+X mappings: passed, no W+X pages found.
[    1.395357] x86/mm: Checking user space page tables
[    1.410282] x86/mm: Checked W+X mappings: passed, no W+X pages found.
Loading, please wait...
starting version 237
[    1.551600] e1000: Intel(R) PRO/1000 Network Driver - version 7.3.21-k8-NAPI
[    1.556205] e1000: Copyright (c) 1999-2006 Intel Corporation.
[    1.588304] Fusion MPT base driver 3.04.20
[    1.592286] Copyright (c) 1999-2008 LSI Corporation
[    1.662151] Fusion MPT SPI Host driver 3.04.20
[    1.678760] SSE version of gcm_enc/dec engaged.
[    1.838791] input: ImExPS/2 Generic Explorer Mouse as /devices/platform/i8042/serio1/input/input4
[    2.053464] e1000 0000:00:03.0 eth0: (PCI:33MHz:32-bit) 02:27:94:89:a7:22
[    2.056143] e1000 0000:00:03.0 eth0: Intel(R) PRO/1000 Network Connection
[    3.916420] e1000 0000:00:08.0 eth1: (PCI:33MHz:32-bit) 08:00:27:78:dc:b9
[    3.925024] e1000 0000:00:08.0 eth1: Intel(R) PRO/1000 Network Connection
[    3.932944] mptbase: ioc0: Initiating bringup
[    4.028460] ioc0: LSI53C1030 A0: Capabilities={Initiator}
[    4.272810] scsi host2: ioc0: LSI53C1030 A0, FwRev=00000000h, Ports=1, MaxQ=256, IRQ=20
[    4.448799] scsi 2:0:0:0: Direct-Access     VBOX     HARDDISK         1.0  PQ: 0 ANSI: 5
[    4.492127] scsi target2:0:0: Beginning Domain Validation
[    4.497405] scsi target2:0:0: Domain Validation skipping write tests
[    4.500315] scsi target2:0:0: Ending Domain Validation
[    4.501953] scsi target2:0:0: asynchronous
[    4.503768] scsi 2:0:1:0: Direct-Access     VBOX     HARDDISK         1.0  PQ: 0 ANSI: 5
[    4.804212] scsi target2:0:1: Beginning Domain Validation
[    4.814356] random: fast init done
[    4.824144] scsi target2:0:1: Domain Validation skipping write tests
[    4.841838] scsi target2:0:1: Ending Domain Validation
[    4.848429] scsi target2:0:1: asynchronous
[    4.853457] random: systemd-udevd: uninitialized urandom read (16 bytes read)
[    4.856916] random: systemd-udevd: uninitialized urandom read (16 bytes read)
[    4.857211] e1000 0000:00:09.0 eth2: (PCI:33MHz:32-bit) 08:00:27:a7:ad:4f
[    4.861225] random: systemd-udevd: uninitialized urandom read (16 bytes read)
[    4.870331] e1000 0000:00:09.0 eth2: Intel(R) PRO/1000 Network Connection
[    4.875376] sd 2:0:0:0: Attached scsi generic sg0 type 0
[    4.877995] sd 2:0:0:0: [sda] 83886080 512-byte logical blocks: (42.9 GB/40.0 GiB)
[    4.879925] e1000 0000:00:03.0 enp0s3: renamed from eth0
[    4.881893] sd 2:0:1:0: Attached scsi generic sg1 type 0
[    4.887668] sd 2:0:1:0: [sdb] 20480 512-byte logical blocks: (10.5 MB/10.0 MiB)
[    4.888197] sd 2:0:0:0: [sda] Write Protect is off
[    4.891488] sd 2:0:1:0: [sdb] Write Protect is off
[    4.895923] sd 2:0:0:0: [sda] Incomplete mode parameter data
[    4.896003] sd 2:0:1:0: [sdb] Incomplete mode parameter data
[    4.897970] sd 2:0:0:0: [sda] Assuming drive cache: write through
[    4.911575] sd 2:0:1:0: [sdb] Assuming drive cache: write through
[    4.918045]  sda: sda1
[    4.920674] sd 2:0:0:0: [sda] Attached SCSI disk
[    4.941118] e1000 0000:00:09.0 enp0s9: renamed from eth2
[    4.950542] sd 2:0:1:0: [sdb] Attached SCSI disk
[    4.972625] e1000 0000:00:08.0 enp0s8: renamed from eth1
Begin: Loading essential drivers ... [    6.644065] raid6: sse2x1   gen()  3614 MB/s
[    6.692063] raid6: sse2x1   xor()  5543 MB/s
[    6.740056] raid6: sse2x2   gen()  6982 MB/s
[    6.788058] raid6: sse2x2   xor()  6654 MB/s
[    6.836078] raid6: sse2x4   gen()  9757 MB/s
[    6.884017] raid6: sse2x4   xor()  7225 MB/s
[    6.885295] raid6: using algorithm sse2x4 gen() 9757 MB/s
[    6.886776] raid6: .... xor() 7225 MB/s, rmw enabled
[    6.888359] raid6: using ssse3x2 recovery algorithm
[    6.893333] xor: measuring software checksum speed
[    6.956024]    prefetch64-sse: 28262.000 MB/sec
[    7.011786]    generic_sse: 27048.000 MB/sec
[    7.013318] xor: using function: prefetch64-sse (28262.000 MB/sec)
[    7.017169] async_tx: api initialized (async)
done.
Begin: Running /scripts/init-premount ... done.
Begin: Mounting root file system ... Begin: Running /scripts/local-top ... done.
Begin: Running /scripts/local-premount ... [    7.110702] Btrfs loaded, crc32c=crc32c-intel
Scanning for Btrfs filesystems
done.
Warning: fsck not present, so skipping root file system
[    7.169384] EXT4-fs (sda1): mounted filesystem with ordered data mode. Opts: (null)
done.
Begin: Running /scripts/local-bottom ... done.
Begin: Running /scripts/init-bottom ... done.
[    7.465920] ip_tables: (C) 2000-2006 Netfilter Core Team
[    7.481471] systemd[1]: systemd 237 running in system mode. (+PAM +AUDIT +SELINUX +IMA +APPARMOR +SMACK +SYSVINIT +UTMP +LIBCRYPTSETUP +GCRYPT +GNUTLS +ACL +XZ +LZ4 +SECCOMP +BLKID +ELFUTILS +KMOD -IDN2 +IDN -PCRE2 default-hierarchy=hybrid)
[    7.487437] systemd[1]: Detected virtualization oracle.
[    7.489041] systemd[1]: Detected architecture x86-64.

Welcome to [1mUbuntu 18.04.6 LTS[0m!

[    7.498584] systemd[1]: Set hostname to <ubuntu-bionic>.
[    7.984994] systemd[1]: Set up automount Arbitrary Executable File Formats File System Automount Point.
[[0;32m  OK  [0m] Set up automount Arbitrary Executab…rmats File System Automount Point.
[    7.991796] systemd[1]: Started Forward Password Requests to Wall Directory Watch.
[[0;32m  OK  [0m] Started Forward Password Requests to Wall Directory Watch.
[    7.996274] systemd[1]: Reached target Swap.
[[0;32m  OK  [0m] Reached target Swap.
[    8.000543] systemd[1]: Created slice User and Session Slice.
[[0;32m  OK  [0m] Created slice User and Session Slice.
[    8.003155] systemd[1]: Reached target User and Group Name Lookups.
[[0;32m  OK  [0m] Reached target User and Group Name Lookups.
[    8.006364] systemd[1]: Created slice System Slice.
[[0;32m  OK  [0m] Created slice System Slice.
[[0;32m  OK  [0m] Listening on udev Control Socket.
[[0;32m  OK  [0m] Created slice system-serial\x2dgetty.slice.
[[0;32m  OK  [0m] Listening on Syslog Socket.
[[0;32m  OK  [0m] Listening on LVM2 poll daemon socket.
[[0;32m  OK  [0m] Listening on Network Service Netlink Socket.
[[0;32m  OK  [0m] Listening on Journal Socket (/dev/log).
[[0;32m  OK  [0m] Listening on Journal Socket.
         Mounting Kernel Debug File System...
         Mounting Huge Pages File System...
         Starting Create list of required st…ce nodes for the current kernel...
         Starting Set the console keyboard layout...
[[0;32m  OK  [0m] Listening on /dev/initctl Compatibility Named Pipe.
         Starting Load Kernel Modules...
         Starting Uncomplicated firewall...
[[0;32m  OK  [0m] Listening on Journal Audit Socket.
         Mounting POSIX Message Queue File System...
[[0;32m  OK  [0m] Listening on udev Kernel Socket.
         Starting udev Coldplug all Devices...
[[0;32m  OK  [0m] Listening on Device-mapper event daemon FIFOs.
[[0;32m  OK  [0m] Listening on LVM2 metadata daemon socket.
         Starting Monitoring of LVM2 mirrors…ng dmeventd or progress polling...
         Starting Journal Service...
[[0;32m  OK  [0m] Reached target Slices.
[[0;32m  OK  [0m] Reached target System Time Synchronized.
[[0;32m  OK  [0m] Listening on fsck to fsckd communication Socket.
         Starting File System Check on Root Device...
[[0;32m  OK  [0m] Mounted Kernel Debug File System.
[[0;32m  OK  [0m] Mounted Huge Pages File System.
[[0;32m  OK  [0m] Started Create list of required sta…vice nodes for the current kernel.
[[0;32m  OK  [0m] Started Uncomplicated firewall.
[[0;32m  OK  [0m] Mounted POSIX Message Queue File System.
         Starting Create Static Device Nodes in /dev...
[[0;32m  OK  [0m] Started LVM2 metadata daemon.
[    8.129201] Loading iSCSI transport class v2.0-870.
[    8.138591] iscsi: registered transport (tcp)
[    8.166510] iscsi: registered transport (iser)
[[0;32m  OK  [0m] Started udev Coldplug all Devices.
[[0;32m  OK  [0m] Started Load Kernel Modules.
         Mounting Kernel Configuration File System...
         Mounting FUSE Control File System...
         Starting Apply Kernel Variables...
[[0;32m  OK  [0m] Mounted Kernel Configuration File System.
[[0;32m  OK  [0m] Mounted FUSE Control File System.
[[0;32m  OK  [0m] Started File System Check Daemon to report status.
[[0;32m  OK  [0m] Started Create Static Device Nodes in /dev.
[[0;32m  OK  [0m] Started Journal Service.
[[0;32m  OK  [0m] Started Monitoring of LVM2 mirrors,…sing dmeventd or progress polling.
[[0;32m  OK  [0m] Started File System Check on Root Device.
[[0;32m  OK  [0m] Started Apply Kernel Variables.
         Starting Remount Root and Kernel File Systems...
[[0;32m  OK  [0m] Started Remount Root and Kernel File Systems.
         Starting udev Kernel Device Manager...
         Starting Flush Journal to Persistent Storage...
         Starting Load/Save Random Seed...
[[0;32m  OK  [0m] Started Load/Save Random Seed.
[[0;32m  OK  [0m] Started Set the console keyboard layout.
[[0;32m  OK  [0m] Reached target Local File Systems (Pre).
[[0;32m  OK  [0m] Reached target Local File Systems.
         Starting ebtables ruleset management...
         Starting Tell Plymouth To Write Out Runtime Data...
         Starting AppArmor initialization...
         Starting Set console font and keymap...
[[0;32m  OK  [0m] Started Tell Plymouth To Write Out Runtime Data.
[[0;32m  OK  [0m] Started Set console font and keymap.
[[0;32m  OK  [0m] Started udev Kernel Device Manager.
[[0;32m  OK  [0m] Started Dispatch Password Requests to Console Directory Watch.
[[0;32m  OK  [0m] Reached target Local Encrypted Volumes.
[[0;32m  OK  [0m] Started Flush Journal to Persistent Storage.
         Starting Create Volatile Files and Directories...
[[0;32m  OK  [0m] Started ebtables ruleset management.
[[0;32m  OK  [0m] Started Create Volatile Files and Directories.
         Starting Update UTMP about System Boot/Shutdown...
[[0;32m  OK  [0m] Started Update UTMP about System Boot/Shutdown.
[[0;32m  OK  [0m] Started AppArmor initialization.
         Starting Load AppArmor profiles managed internally by snapd...
         Starting Initial cloud-init job (pre-networking)...
[[0;32m  OK  [0m] Started Load AppArmor profiles managed internally by snapd.
[[0;32m  OK  [0m] Found device /dev/ttyS0.
[[0;32m  OK  [0m] Listening on Load/Save RF Kill Switch Status /dev/rfkill Watch.
[   11.315433] cloud-init[517]: Cloud-init v. 22.1-14-g2e17a0d6-0ubuntu1~18.04.3 running 'init-local' at Sun, 03 Apr 2022 11:39:34 +0000. Up 10.91 seconds.
[[0;32m  OK  [0m] Started Initial cloud-init job (pre-networking).
[[0;32m  OK  [0m] Reached target Network (Pre).
         Starting Network Service...
[[0;32m  OK  [0m] Started Network Service.
         Starting Network Name Resolution...
         Starting Wait for Network to be Configured...
[[0;32m  OK  [0m] Started Network Name Resolution.
[[0;32m  OK  [0m] Reached target Host and Network Name Lookups.
[[0;32m  OK  [0m] Reached target Network.
[[0;32m  OK  [0m] Started Wait for Network to be Configured.
         Starting Initial cloud-init job (metadata service crawler)...
[   14.795234] cloud-init[667]: Cloud-init v. 22.1-14-g2e17a0d6-0ubuntu1~18.04.3 running 'init' at Sun, 03 Apr 2022 11:39:37 +0000. Up 14.31 seconds.
[   14.798280] cloud-init[667]: ci-info: +++++++++++++++++++++++++++++++++++++++++++++Net device info+++++++++++++++++++++++++++++++++++++++++++++
[   14.812578] cloud-init[667]: ci-info: +--------+------+------------------------------------------+---------------+--------+-------------------+
[   14.814324] cloud-init[667]: ci-info: | Device |  Up  |                 Address                  |      Mask     | Scope  |     Hw-Address    |
[   14.824581] cloud-init[667]: ci-info: +--------+------+------------------------------------------+---------------+--------+-------------------+
[   14.827915] cloud-init[667]: ci-info: | enp0s3 | True |                10.0.2.15                 | 255.255.255.0 | global | 02:27:94:89:a7:22 |
[   14.832906] cloud-init[667]: ci-info: | enp0s3 | True |        fe80::27:94ff:fe89:a722/64        |       .       |  link  | 02:27:94:89:a7:22 |
[   14.835144] cloud-init[667]: ci-info: | enp0s8 | True |              192.168.56.19               | 255.255.255.0 | global | 08:00:27:78:dc:b9 |
[   14.837808] cloud-init[667]: ci-info: | enp0s8 | True |       fe80::a00:27ff:fe78:dcb9/64        |       .       |  link  | 08:00:27:78:dc:b9 |
[   14.840507] cloud-init[667]: ci-info: | enp0s9 | True |              192.168.81.210              | 255.255.255.0 | global | 08:00:27:a7:ad:4f |
[   14.842538] cloud-init[667]: ci-info: | enp0s9 | True | 2c0f:f5c0:501:e9f6:a00:27ff:fea7:ad4f/64 |       .       | global | 08:00:27:a7:ad:4f |
[   14.845045] cloud-init[667]: ci-info: | enp0s9 | True |       fe80::a00:27ff:fea7:ad4f/64        |       .       |  link  | 08:00:27:a7:ad:4f |
[   14.847228] cloud-init[667]: ci-info: |   lo   | True |                127.0.0.1                 |   255.0.0.0   |  host  |         .         |
[   14.864808] cloud-init[667]: ci-info: |   lo   | True |                 ::1/128                  |       .       |  host  |         .         |
[   14.872160] cloud-init[667]: ci-info: +--------+------+------------------------------------------+---------------+--------+-------------------+
[   14.874606] cloud-init[667]: ci-info: ++++++++++++++++++++++++++++++++Route IPv4 info++++++++++++++++++++++++++++++++
[   14.877451] cloud-init[667]: ci-info: +-------+---------------+---------------+-----------------+-----------+-------+
[   14.880435] cloud-init[667]: ci-info: | Route |  Destination  |    Gateway    |     Genmask     | Interface | Flags |
[   14.892768] cloud-init[667]: ci-info: +-------+---------------+---------------+-----------------+-----------+-------+
[   14.895363] cloud-init[667]: ci-info: |   0   |    0.0.0.0    |    10.0.2.2   |     0.0.0.0     |   enp0s3  |   UG  |
[   14.898635] cloud-init[667]: ci-info: |   1   |    0.0.0.0    | 192.168.81.27 |     0.0.0.0     |   enp0s9  |   UG  |
[   14.901393] cloud-init[667]: ci-info: |   2   |    10.0.2.0   |    0.0.0.0    |  255.255.255.0  |   enp0s3  |   U   |
[   14.912451] cloud-init[667]: ci-info: |   3   |    10.0.2.2   |    0.0.0.0    | 255.255.255.255 |   enp0s3  |   UH  |
[   14.914836] cloud-init[667]: ci-info: |   4   |  192.168.56.0 |    0.0.0.0    |  255.255.255.0  |   enp0s8  |   U   |
[   14.928527] cloud-init[667]: ci-info: |   5   |  192.168.81.0 |    0.0.0.0    |  255.255.255.0  |   enp0s9  |   U   |
[   14.932836] cloud-init[667]: ci-info: |   6   | 192.168.81.27 |    0.0.0.0    | 255.255.255.255 |   enp0s9  |   UH  |
[   14.937593] cloud-init[667]: ci-info: +-------+---------------+---------------+-----------------+-----------+-------+
[   14.941952] cloud-init[667]: ci-info: ++++++++++++++++++++++++++++++++++Route IPv6 info++++++++++++++++++++++++++++++++++
[   14.945782] cloud-init[667]: ci-info: +-------+-------------------------+---------------------------+-----------+-------+
[   14.949491] cloud-init[667]: ci-info: | Route |       Destination       |          Gateway          | Interface | Flags |
[   14.953345] cloud-init[667]: ci-info: +-------+-------------------------+---------------------------+-----------+-------+
[   14.957199] cloud-init[667]: ci-info: |   1   | 2c0f:f5c0:501:e9f6::/64 |             ::            |   enp0s9  |   U   |
[   14.960513] cloud-init[667]: ci-info: |   2   |        fe80::/64        |             ::            |   enp0s8  |   U   |
[   14.972354] cloud-init[667]: ci-info: |   3   |        fe80::/64        |             ::            |   enp0s9  |   U   |
[   14.977828] cloud-init[667]: ci-info: |   4   |        fe80::/64        |             ::            |   enp0s3  |   U   |
[   14.980924] cloud-init[667]: ci-info: |   5   |           ::/0          | fe80::14d5:60ff:feb9:d960 |   enp0s9  |   UG  |
[   14.984054] cloud-init[667]: ci-info: |   7   |          local          |             ::            |   enp0s3  |   U   |
[   14.987462] cloud-init[667]: ci-info: |   8   |          local          |             ::            |   enp0s8  |   U   |
[   14.993338] cloud-init[667]: ci-info: |   9   |          local          |             ::            |   enp0s9  |   U   |
[   14.996049] cloud-init[667]: ci-info: |   10  |         ff00::/8        |             ::            |   enp0s8  |   U   |
[   14.998982] cloud-init[667]: ci-info: |   11  |         ff00::/8        |             ::            |   enp0s9  |   U   |
[   15.001917] cloud-init[667]: ci-info: |   12  |         ff00::/8        |             ::            |   enp0s3  |   U   |
[   15.004670] cloud-init[667]: ci-info: +-------+-------------------------+---------------------------+-----------+-------+
[[0;32m  OK  [0m] Started Initial cloud-init job (metadata service crawler).
[[0;32m  OK  [0m] Reached target System Initialization.
[[0;32m  OK  [0m] Listening on cloud-init hotplug hook socket.
[[0;32m  OK  [0m] Started Message of the Day.
[[0;32m  OK  [0m] Listening on UUID daemon activation socket.
[[0;32m  OK  [0m] Listening on Open-iSCSI iscsid Socket.
[[0;32m  OK  [0m] Started Daily Cleanup of Temporary Directories.
[[0;32m  OK  [0m] Started Trigger to poll for Ubuntu …(Only enabled on GCP LTS non-pro).
[[0;32m  OK  [0m] Listening on ACPID Listen Socket.
[[0;32m  OK  [0m] Started Ubuntu Advantage Timer for running repeated jobs.
[[0;32m  OK  [0m] Started ACPI Events Check.
[[0;32m  OK  [0m] Listening on D-Bus System Message Bus Socket.
[[0;32m  OK  [0m] Started Discard unused blocks once a week.
[[0;32m  OK  [0m] Reached target Paths.
         Starting LXD - unix socket.
         Starting Socket activation for snappy daemon.
[[0;32m  OK  [0m] Started Daily apt download activities.
[[0;32m  OK  [0m] Started Daily apt upgrade and clean activities.
[[0;32m  OK  [0m] Reached target Timers.
[[0;32m  OK  [0m] Reached target Cloud-config availability.
[[0;32m  OK  [0m] Reached target Network is Online.
         Starting Availability of block devices...
[[0;32m  OK  [0m] Reached target Remote File Systems (Pre).
         Mounting /vagrant...
[[0;32m  OK  [0m] Listening on LXD - unix socket.
[[0;32m  OK  [0m] Listening on Socket activation for snappy daemon.
[[0;32m  OK  [0m] Started Availability of block devices.
[[0;32m  OK  [0m] Reached target Sockets.
[[0;32m  OK  [0m] Reached target Basic System.
         Starting Login Service...
[[0;32m  OK  [0m] Started Regular background program processing daemon.
[[0;32m  OK  [0m] Started FUSE filesystem for LXC.
         Starting Accounts Service...
         Starting Dispatcher daemon for systemd-networkd...
         Starting System Logging Service...
[[0;32m  OK  [0m] Started irqbalance daemon.
         Starting Message of the Day...
[[0;32m  OK  [0m] Started Deferred execution scheduler.
[[0;32m  OK  [0m] Started D-Bus System Message Bus.
         Starting OpenBSD Secure Shell server...
         Starting LSB: Record successful boot for GRUB...
         Starting Snap Daemon...
         Starting Virtualbox guest utils...
         Starting LXD - container startup/shutdown...
[[0;32m  OK  [0m] Started System Logging Service.
[[0;32m  OK  [0m] Mounted /vagrant.
[[0;32m  OK  [0m] Started Login Service.
[[0;32m  OK  [0m] Started OpenBSD Secure Shell server.
         Starting Hostname Service...
[[0;32m  OK  [0m] Started Unattended Upgrades Shutdown.
[[0;32m  OK  [0m] Reached target Remote File Systems.
         Starting The Apache HTTP Server...
         Starting Permit User Sessions...
         Starting LSB: automatic crash report generation...
[[0;32m  OK  [0m] Started Permit User Sessions.
         Starting Hold until boot process finishes up...
         Starting Terminate Plymouth Boot Screen...
[[0;32m  OK  [0m] Started Hold until boot process finishes up.
         Starting Set console scheme...
[[0;32m  OK  [0m] Started Serial Getty on ttyS0.
[[0;32m  OK  [0m] Started Terminate Plymouth Boot Screen.
[[0;32m  OK  [0m] Started Hostname Service.
         Starting Authorization Manager...
[[0;32m  OK  [0m] Started Set console scheme.
[[0;32m  OK  [0m] Created slice system-getty.slice.
[[0;32m  OK  [0m] Started Getty on tty1.
[[0;32m  OK  [0m] Reached target Login Prompts.
[[0;32m  OK  [0m] Started LSB: Record successful boot for GRUB.
[[0;32m  OK  [0m] Started Dispatcher daemon for systemd-networkd.
[[0;32m  OK  [0m] Started LSB: automatic crash report generation.
[[0;32m  OK  [0m] Started Authorization Manager.
[[0;32m  OK  [0m] Started Accounts Service.
[[0;32m  OK  [0m] Created slice User Slice of vagrant.
[[0;32m  OK  [0m] Started Virtualbox guest utils.
[[0;32m  OK  [0m] Started Session 1 of user vagrant.
         Starting User Manager for UID 1000...
[[0;32m  OK  [0m] Started LXD - container startup/shutdown.
[[0;32m  OK  [0m] Started The Apache HTTP Server.
[[0;32m  OK  [0m] Started User Manager for UID 1000.
[[0;32m  OK  [0m] Started Snap Daemon.
         Starting Wait until snapd is fully seeded...
         Starting Time & Date Service...
[[0;32m  OK  [0m] Started Time & Date Service.
[[0;32m  OK  [0m] Started Wait until snapd is fully seeded.
         Starting Apply the settings specified in cloud-config...
[[0;32m  OK  [0m] Reached target Multi-User System.
[[0;32m  OK  [0m] Reached target Graphical Interface.
         Starting Update UTMP about System Runlevel Changes...
[[0;32m  OK  [0m] Started Update UTMP about System Runlevel Changes.
[   18.417138] cloud-init[1172]: Cloud-init v. 22.1-14-g2e17a0d6-0ubuntu1~18.04.3 running 'modules:config' at Sun, 03 Apr 2022 11:39:41 +0000. Up 18.20 seconds.
[[0;32m  OK  [0m] Started Message of the Day.
[[0;32m  OK  [0m] Started Apply the settings specified in cloud-config.
         Starting Execute cloud user/final scripts...
[   19.682327] cloud-init[1271]: Cloud-init v. 22.1-14-g2e17a0d6-0ubuntu1~18.04.3 running 'modules:final' at Sun, 03 Apr 2022 11:39:42 +0000. Up 19.47 seconds.
[   19.684992] cloud-init[1271]: Cloud-init v. 22.1-14-g2e17a0d6-0ubuntu1~18.04.3 finished at Sun, 03 Apr 2022 11:39:42 +0000. Datasource DataSourceNoCloud [seed=/dev/sdb][dsmode=net].  Up 19.66 seconds
[[0;32m  OK  [0m] Started Execute cloud user/final scripts.
         Starting Daily apt download activities...
[[0;32m  OK  [0m] Reached target Cloud-init target.

Ubuntu 18.04.6 LTS ubuntu-bionic ttyS0

ubuntu-bionic login: [[0;32m  OK  [0m] Started Daily apt upgrade and clean activities.
         Stopping User Manager for UID 1000...
         Stopping Availability of block devices...
[[0;32m  OK  [0m] Stopped target Graphical Interface.
[[0;32m  OK  [0m] Closed Load/Save RF Kill Switch Status /dev/rfkill Watch.
         Stopping Accounts Service...
         Stopping Session 8 of user vagrant.
         Stopping Authorization Manager...
[[0;32m  OK  [0m] Stopped target Timers.
[[0;32m  OK  [0m] Stopped Ubuntu Advantage Timer for running repeated jobs.
[[0;32m  OK  [0m] Stopped Discard unused blocks once a week.
[[0;32m  OK  [0m] Stopped Daily apt upgrade and clean activities.
[[0;32m  OK  [0m] Stopped Message of the Day.
[[0;32m  OK  [0m] Stopped Clean PHP session files every 30 mins.
[[0;32m  OK  [0m] Stopped Daily apt download activities.
[[0;32m  OK  [0m] Stopped target System Time Synchronized.
[[0;32m  OK  [0m] Stopped target Cloud-init target.
[[0;32m  OK  [0m] Stopped Execute cloud user/final scripts.
[[0;32m  OK  [0m] Stopped target Multi-User System.
         Stopping Virtualbox guest utils...
         Stopping MySQL Community Server...
         Stopping System Logging Service...
         Stopping Deferred execution scheduler...
         Stopping Regular background program processing daemon...
         Stopping OpenBSD Secure Shell server...
         Stopping The Apache HTTP Server...
         Stopping LSB: Record successful boot for GRUB...
         Stopping D-Bus System Message Bus...
[[0;32m  OK  [0m] Stopped target Login Prompts.
         Stopping Serial Getty on ttyS0...
         Stopping Getty on tty1...
         Stopping irqbalance daemon...
         Stopping FUSE filesystem for LXC...
[[0;32m  OK  [0m] Stopped Apply the settings specified in cloud-config.
[[0;32m  OK  [0m] Stopped Wait until snapd is fully seeded.
[[0;32m  OK  [0m] Stopped target Cloud-config availability.
         Stopping LXD - container startup/shutdown...
         Stopping Dispatcher daemon for systemd-networkd...
[[0;32m  OK  [0m] Stopped Daily Cleanup of Temporary Directories.
         Stopping LSB: automatic crash report generation...
[[0;32m  OK  [0m] Unmounted /var/lib/lxcfs.
[[0;32m  OK  [0m] Stopped Regular background program processing daemon.
[[0;32m  OK  [0m] Stopped Accounts Service.
[[0;32m  OK  [0m] Stopped Dispatcher daemon for systemd-networkd.
[[0;32m  OK  [0m] Stopped System Logging Service.
[[0;32m  OK  [0m] Stopped irqbalance daemon.
[[0;32m  OK  [0m] Stopped Deferred execution scheduler.
[[0;32m  OK  [0m] Stopped OpenBSD Secure Shell server.
[[0;32m  OK  [0m] Stopped Serial Getty on ttyS0.
[[0;32m  OK  [0m] Stopped Authorization Manager.
[[0;32m  OK  [0m] Stopped Getty on tty1.
[[0;32m  OK  [0m] Stopped User Manager for UID 1000.
[[0;32m  OK  [0m] Stopped D-Bus System Message Bus.
[[0;32m  OK  [0m] Stopped FUSE filesystem for LXC.
[[0;32m  OK  [0m] Stopped Session 8 of user vagrant.
[[0;32m  OK  [0m] Stopped Availability of block devices.
[[0;32m  OK  [0m] Removed slice User Slice of vagrant.
         Stopping Login Service...
[[0;32m  OK  [0m] Removed slice system-getty.slice.
         Stopping Permit User Sessions...
[[0;32m  OK  [0m] Removed slice system-serial\x2dgetty.slice.
[[0;32m  OK  [0m] Stopped LSB: Record successful boot for GRUB.
[[0;32m  OK  [0m] Stopped LXD - container startup/shutdown.
[[0;32m  OK  [0m] Stopped Permit User Sessions.
[[0;32m  OK  [0m] Stopped LSB: automatic crash report generation.
[[0;32m  OK  [0m] Stopped Login Service.
[[0;32m  OK  [0m] Stopped target User and Group Name Lookups.
[[0;32m  OK  [0m] Stopped Virtualbox guest utils.
[[0;32m  OK  [0m] Stopped The Apache HTTP Server.
[[0;32m  OK  [0m] Stopped target Remote File Systems.
         Unmounting /vagrant...
[[0;32m  OK  [0m] Stopped target Host and Network Name Lookups.
[[0;32m  OK  [0m] Unmounted /vagrant.
[[0;32m  OK  [0m] Stopped target Remote File Systems (Pre).
[[0;32m  OK  [0m] Stopped target Network is Online.
[[0;32m  OK  [0m] Stopped MySQL Community Server.
[[0;32m  OK  [0m] Stopped target Basic System.
[[0;32m  OK  [0m] Stopped target Slices.
[[0;32m  OK  [0m] Removed slice User and Session Slice.
[[0;32m  OK  [0m] Stopped target Paths.
[[0;32m  OK  [0m] Stopped Trigger to poll for Ubuntu …(Only enabled on GCP LTS non-pro).
[[0;32m  OK  [0m] Stopped ACPI Events Check.
[[0;32m  OK  [0m] Stopped target Sockets.
[[0;32m  OK  [0m] Closed ACPID Listen Socket.
[[0;32m  OK  [0m] Closed Open-iSCSI iscsid Socket.
[[0;32m  OK  [0m] Closed Syslog Socket.
[[0;32m  OK  [0m] Closed D-Bus System Message Bus Socket.
[[0;32m  OK  [0m] Closed UUID daemon activation socket.
[[0;32m  OK  [0m] Closed cloud-init hotplug hook socket.
[[0;32m  OK  [0m] Closed Socket activation for snappy daemon.
[[0;32m  OK  [0m] Closed LXD - unix socket.
[[0;32m  OK  [0m] Stopped target System Initialization.
         Stopping Update UTMP about System Boot/Shutdown...
[[0;32m  OK  [0m] Stopped target Local Encrypted Volumes.
[[0;32m  OK  [0m] Stopped Dispatch Password Requests to Console Directory Watch.
[[0;32m  OK  [0m] Stopped Forward Password Requests to Wall Directory Watch.
         Stopping Load/Save Random Seed...
[[0;32m  OK  [0m] Stopped Initial cloud-init job (metadata service crawler).
[[0;32m  OK  [0m] Stopped target Network.
         Stopping Network Name Resolution...
[[0;32m  OK  [0m] Stopped Load/Save Random Seed.
[[0;32m  OK  [0m] Stopped Update UTMP about System Boot/Shutdown.
[[0;32m  OK  [0m] Stopped Network Name Resolution.
[[0;32m  OK  [0m] Stopped Create Volatile Files and Directories.
[[0;32m  OK  [0m] Stopped target Local File Systems.
         Unmounting /run/user/1000...
         Stopping Network Service...
[[0;32m  OK  [0m] Unmounted /run/user/1000.
[[0;32m  OK  [0m] Reached target Unmount All Filesystems.
[[0;32m  OK  [0m] Stopped target Swap.
[[0;32m  OK  [0m] Stopped target Local File Systems (Pre).
         Stopping Monitoring of LVM2 mirrors…ng dmeventd or progress polling...
[[0;32m  OK  [0m] Stopped Create Static Device Nodes in /dev.
[[0;32m  OK  [0m] Stopped Monitoring of LVM2 mirrors,…sing dmeventd or progress polling.
         Stopping LVM2 metadata daemon...
[[0;32m  OK  [0m] Stopped LVM2 metadata daemon.
[[0;32m  OK  [0m] Stopped Network Service.
[[0;32m  OK  [0m] Stopped target Network (Pre).
[[0;32m  OK  [0m] Stopped Initial cloud-init job (pre-networking).
[[0;32m  OK  [0m] Stopped Remount Root and Kernel File Systems.
[[0;32m  OK  [0m] Stopped Apply Kernel Variables.
[[0;32m  OK  [0m] Stopped Load Kernel Modules.
[[0;32m  OK  [0m] Reached target Shutdown.
[[0;32m  OK  [0m] Reached target Final Step.
         Starting Power-Off...
[ 3843.747132] reboot: Power down
